# JRE version: Java(TM) SE Runtime Environment (8.0_201-b09) (build 1.8.0_201-b09)
# Java VM: Java HotSpot(TM) 64-Bit Server VM (25.201-b09 mixed mode linux-amd64 compressed oops)
Heap:
 PSYoungGen      total 455680K, used 24055K [0x00000000d6e00000, 0x00000000f4280000, 0x0000000100000000)
  eden space 431616K, 0% used [0x00000000d6e00000,0x00000000d6e00000,0x00000000f1380000)
  from space 24064K, 99% used [0x00000000f1380000,0x00000000f2afdfe8,0x00000000f2b00000)
  to   space 22016K, 0% used [0x00000000f2d00000,0x00000000f2d00000,0x00000000f4280000)
 ParOldGen       total 101376K, used 30066K [0x0000000084a00000, 0x000000008ad00000, 0x00000000d6e00000)
  object space 101376K, 29% used [0x0000000084a00000,0x000000008675caf0,0x000000008ad00000)
 Metaspace       used 56054K, capacity 56832K, committed 57216K, reserved 1099776K
  class space    used 7353K, capacity 7551K, committed 7552K, reserved 1048576K
GC Heap History (10 events):
Event: 6.168 GC heap after
Heap after GC invocations=10 (full 1):
 PSYoungGen      total 278016K, used 15344K [0x00000000d6e00000, 0x00000000ed400000, 0x0000000100000000)
  eden space 262656K, 0% used [0x00000000d6e00000,0x00000000d6e00000,0x00000000e6e80000)
  from space 15360K, 99% used [0x00000000e6e80000,0x00000000e7d7c3c0,0x00000000e7d80000)
  to   space 18944K, 0% used [0x00000000ec180000,0x00000000ec180000,0x00000000ed400000)
 ParOldGen       total 65024K, used 20790K [0x0000000084a00000, 0x0000000088980000, 0x00000000d6e00000)
  object space 65024K, 31% used [0x0000000084a00000,0x0000000085e4d8f8,0x0000000088980000)
 Metaspace       used 33196K, capacity 33794K, committed 34176K, reserved 1079296K
  class space    used 4256K, capacity 4400K, committed 4480K, reserved 1048576K
}
Event: 6.311 GC heap before
{Heap before GC invocations=11 (full 1):
 PSYoungGen      total 278016K, used 44596K [0x00000000d6e00000, 0x00000000ed400000, 0x0000000100000000)
  eden space 262656K, 11% used [0x00000000d6e00000,0x00000000d8a90ec8,0x00000000e6e80000)
  from space 15360K, 99% used [0x00000000e6e80000,0x00000000e7d7c3c0,0x00000000e7d80000)
  to   space 18944K, 0% used [0x00000000ec180000,0x00000000ec180000,0x00000000ed400000)
 ParOldGen       total 65024K, used 20790K [0x0000000084a00000, 0x0000000088980000, 0x00000000d6e00000)
  object space 65024K, 31% used [0x0000000084a00000,0x0000000085e4d8f8,0x0000000088980000)
 Metaspace       used 34730K, capacity 35272K, committed 35416K, reserved 1081344K
  class space    used 4482K, capacity 4593K, committed 4608K, reserved 1048576K
Event: 6.324 GC heap after
Heap after GC invocations=11 (full 1):
 PSYoungGen      total 346112K, used 15892K [0x00000000d6e00000, 0x00000000eed80000, 0x0000000100000000)
  eden space 327168K, 0% used [0x00000000d6e00000,0x00000000d6e00000,0x00000000ead80000)
  from space 18944K, 83% used [0x00000000ec180000,0x00000000ed105110,0x00000000ed400000)
  to   space 20480K, 0% used [0x00000000ead80000,0x00000000ead80000,0x00000000ec180000)
 ParOldGen       total 65024K, used 20798K [0x0000000084a00000, 0x0000000088980000, 0x00000000d6e00000)
  object space 65024K, 31% used [0x0000000084a00000,0x0000000085e4f8f8,0x0000000088980000)
 Metaspace       used 34730K, capacity 35272K, committed 35416K, reserved 1081344K
  class space    used 4482K, capacity 4593K, committed 4608K, reserved 1048576K
}
Event: 6.324 GC heap before
{Heap before GC invocations=12 (full 2):
 PSYoungGen      total 346112K, used 15892K [0x00000000d6e00000, 0x00000000eed80000, 0x0000000100000000)
  eden space 327168K, 0% used [0x00000000d6e00000,0x00000000d6e00000,0x00000000ead80000)
  from space 18944K, 83% used [0x00000000ec180000,0x00000000ed105110,0x00000000ed400000)
  to   space 20480K, 0% used [0x00000000ead80000,0x00000000ead80000,0x00000000ec180000)
 ParOldGen       total 65024K, used 20798K [0x0000000084a00000, 0x0000000088980000, 0x00000000d6e00000)
  object space 65024K, 31% used [0x0000000084a00000,0x0000000085e4f8f8,0x0000000088980000)
 Metaspace       used 34730K, capacity 35272K, committed 35416K, reserved 1081344K
  class space    used 4482K, capacity 4593K, committed 4608K, reserved 1048576K
Event: 6.398 GC heap after
Heap after GC invocations=12 (full 2):
 PSYoungGen      total 346112K, used 0K [0x00000000d6e00000, 0x00000000eed80000, 0x0000000100000000)
  eden space 327168K, 0% used [0x00000000d6e00000,0x00000000d6e00000,0x00000000ead80000)
  from space 18944K, 0% used [0x00000000ec180000,0x00000000ec180000,0x00000000ed400000)
  to   space 20480K, 0% used [0x00000000ead80000,0x00000000ead80000,0x00000000ec180000)
 ParOldGen       total 101376K, used 25830K [0x0000000084a00000, 0x000000008ad00000, 0x00000000d6e00000)
  object space 101376K, 25% used [0x0000000084a00000,0x0000000086339af0,0x000000008ad00000)
 Metaspace       used 34730K, capacity 35272K, committed 35416K, reserved 1081344K
  class space    used 4482K, capacity 4593K, committed 4608K, reserved 1048576K
}
Event: 8.335 GC heap before
{Heap before GC invocations=13 (full 2):
 PSYoungGen      total 346112K, used 327168K [0x00000000d6e00000, 0x00000000eed80000, 0x0000000100000000)
  eden space 327168K, 100% used [0x00000000d6e00000,0x00000000ead80000,0x00000000ead80000)
  from space 18944K, 0% used [0x00000000ec180000,0x00000000ec180000,0x00000000ed400000)
  to   space 20480K, 0% used [0x00000000ead80000,0x00000000ead80000,0x00000000ec180000)
 ParOldGen       total 101376K, used 25830K [0x0000000084a00000, 0x000000008ad00000, 0x00000000d6e00000)
  object space 101376K, 25% used [0x0000000084a00000,0x0000000086339af0,0x000000008ad00000)
 Metaspace       used 45116K, capacity 45684K, committed 46080K, reserved 1089536K
  class space    used 5934K, capacity 6083K, committed 6144K, reserved 1048576K
Event: 8.353 GC heap after
Heap after GC invocations=13 (full 2):
 PSYoungGen      total 347648K, used 18387K [0x00000000d6e00000, 0x00000000f4300000, 0x0000000100000000)
  eden space 327168K, 0% used [0x00000000d6e00000,0x00000000d6e00000,0x00000000ead80000)
  from space 20480K, 89% used [0x00000000ead80000,0x00000000ebf74c40,0x00000000ec180000)
  to   space 22528K, 0% used [0x00000000f2d00000,0x00000000f2d00000,0x00000000f4300000)
 ParOldGen       total 101376K, used 25838K [0x0000000084a00000, 0x000000008ad00000, 0x00000000d6e00000)
  object space 101376K, 25% used [0x0000000084a00000,0x000000008633baf0,0x000000008ad00000)
 Metaspace       used 45116K, capacity 45684K, committed 46080K, reserved 1089536K
  class space    used 5934K, capacity 6083K, committed 6144K, reserved 1048576K
}
Event: 18.115 GC heap before
{Heap before GC invocations=14 (full 2):
 PSYoungGen      total 347648K, used 345555K [0x00000000d6e00000, 0x00000000f4300000, 0x0000000100000000)
  eden space 327168K, 100% used [0x00000000d6e00000,0x00000000ead80000,0x00000000ead80000)
  from space 20480K, 89% used [0x00000000ead80000,0x00000000ebf74c40,0x00000000ec180000)
  to   space 22528K, 0% used [0x00000000f2d00000,0x00000000f2d00000,0x00000000f4300000)
 ParOldGen       total 101376K, used 25838K [0x0000000084a00000, 0x000000008ad00000, 0x00000000d6e00000)
  object space 101376K, 25% used [0x0000000084a00000,0x000000008633baf0,0x000000008ad00000)
 Metaspace       used 48682K, capacity 49358K, committed 49664K, reserved 1091584K
  class space    used 6377K, capacity 6530K, committed 6656K, reserved 1048576K
Event: 18.699 GC heap after
Heap after GC invocations=14 (full 2):
 PSYoungGen      total 453632K, used 18668K [0x00000000d6e00000, 0x00000000f4280000, 0x0000000100000000)
  eden space 431616K, 0% used [0x00000000d6e00000,0x00000000d6e00000,0x00000000f1380000)
  from space 22016K, 84% used [0x00000000f2d00000,0x00000000f3f3b298,0x00000000f4280000)
  to   space 24064K, 0% used [0x00000000f1380000,0x00000000f1380000,0x00000000f2b00000)
 ParOldGen       total 101376K, used 25846K [0x0000000084a00000, 0x000000008ad00000, 0x00000000d6e00000)
  object space 101376K, 25% used [0x0000000084a00000,0x000000008633daf0,0x000000008ad00000)
 Metaspace       used 48682K, capacity 49358K, committed 49664K, reserved 1091584K
  class space    used 6377K, capacity 6530K, committed 6656K, reserved 1048576K
}
Event: 246.913 GC heap before
{Heap before GC invocations=15 (full 2):
 PSYoungGen      total 453632K, used 450284K [0x00000000d6e00000, 0x00000000f4280000, 0x0000000100000000)
  eden space 431616K, 100% used [0x00000000d6e00000,0x00000000f1380000,0x00000000f1380000)
  from space 22016K, 84% used [0x00000000f2d00000,0x00000000f3f3b298,0x00000000f4280000)
  to   space 24064K, 0% used [0x00000000f1380000,0x00000000f1380000,0x00000000f2b00000)
 ParOldGen       total 101376K, used 25846K [0x0000000084a00000, 0x000000008ad00000, 0x00000000d6e00000)
  object space 101376K, 25% used [0x0000000084a00000,0x000000008633daf0,0x000000008ad00000)
 Metaspace       used 56054K, capacity 56832K, committed 57216K, reserved 1099776K
  class space    used 7353K, capacity 7551K, committed 7552K, reserved 1048576K

